<?xml version="1.0" encoding="UTF-8"?>
<testng-results skipped="0" failed="0" total="1" passed="1">
  <reporter-output>
  </reporter-output>
  <suite name="test.NewTest" duration-ms="46550" started-at="2020-01-12T06:20:02Z" finished-at="2020-01-12T06:20:48Z">
    <groups>
    </groups>
    <test name="Command line test" duration-ms="46550" started-at="2020-01-12T06:20:02Z" finished-at="2020-01-12T06:20:48Z">
      <class name="test.NewTest">
        <test-method status="PASS" signature="f()[pri:0, instance:test.NewTest@3fb6a447]" name="f" duration-ms="46510" started-at="2020-01-12T07:20:02Z" finished-at="2020-01-12T07:20:48Z">
          <reporter-output>
          </reporter-output>
        </test-method> <!-- f -->
      </class> <!-- test.NewTest -->
    </test> <!-- Command line test -->
  </suite> <!-- test.NewTest -->
</testng-results>
